<?xml version="1.0" encoding="UTF-8"?>
<!-- Generated by org.testng.reporters.JUnitReportReporter -->
<testsuite hostname="DESKTOP-LT9AUO0" failures="0" tests="4" name="seleniumtestpackage.testClass" time="19.292" errors="0" timestamp="2021-05-17T01:04:23 PDT" skipped="0">
  <testcase classname="seleniumtestpackage.testClass" name="validatehomepage" time="6.296"/>
  <system-out/>
  <testcase classname="seleniumtestpackage.testClass" name="validateaddtoCart" time="8.811"/>
  <system-out/>
  <testcase classname="seleniumtestpackage.testClass" name="validateguestlogin" time="0.274"/>
  <system-out/>
  <testcase classname="seleniumtestpackage.testClass" name="validatasecurechkout" time="3.911"/>
  <system-out/>
</testsuite> <!-- seleniumtestpackage.testClass -->
