<?xml version="1.0" encoding="UTF-8"?>
<!-- Generated by org.testng.reporters.JUnitReportReporter -->
<testsuite hostname="DESKTOP-LT9AUO0" failures="0" tests="5" name="seleniumtestpackage.testClass" time="17.303" errors="0" timestamp="2021-05-19T00:23:53 PDT" skipped="0">
  <testcase classname="seleniumtestpackage.testClass" name="validatehomepage" time="4.886"/>
  <system-out/>
  <testcase classname="seleniumtestpackage.testClass" name="validateStoreLocatorDisplayed" time="0.489"/>
  <system-out/>
  <testcase classname="seleniumtestpackage.testClass" name="validateguestlogin" time="0.364"/>
  <system-out/>
  <testcase classname="seleniumtestpackage.testClass" name="validateaddtoCart" time="7.217"/>
  <system-out/>
  <testcase classname="seleniumtestpackage.testClass" name="validatasecurechkout" time="4.347"/>
  <system-out/>
</testsuite> <!-- seleniumtestpackage.testClass -->
